[22:46:52] [ServerMain/INFO]: [bootstrap] Running Java 21 (OpenJDK 64-Bit Server VM 21.0.5+11-Ubuntu-1ubuntu120.04; Ubuntu null) on Linux 6.5.0-1025-azure (amd64)
[22:46:52] [ServerMain/INFO]: [bootstrap] Loading Paper 1.21.1-57-master@b483da4 (2024-09-01T18:09:05Z) for Minecraft 1.21.1
[22:46:53] [ServerMain/INFO]: [PluginInitializerManager] Initializing plugins...
[22:46:54] [ServerMain/INFO]: [PluginInitializerManager] Initialized 5 plugins
[22:46:54] [ServerMain/INFO]: [PluginInitializerManager] Bukkit plugins (5):
 - Geyser-Spigot (2.5.0-SNAPSHOT), OnePlayerSleep (1.3), SkinsRestorer (15.4.4), ViaVersion (5.1.1), floodgate (2.2.3-SNAPSHOT (b114-83fbd6e))
[22:47:01] [ServerMain/INFO]: Environment: Environment[sessionHost=https://sessionserver.mojang.com, servicesHost=https://api.minecraftservices.com, name=PROD]
[22:47:04] [ServerMain/INFO]: Loaded 1290 recipes
[22:47:04] [ServerMain/INFO]: Loaded 1399 advancements
[22:47:05] [Server thread/INFO]: Starting minecraft server version 1.21.1
[22:47:05] [Server thread/INFO]: Loading properties
[22:47:05] [Server thread/INFO]: This server is running Paper version 1.21.1-57-master@b483da4 (2024-09-01T18:09:05Z) (Implementing API version 1.21.1-R0.1-SNAPSHOT)
[22:47:06] [Server thread/INFO]: [spark] This server bundles the spark profiler. For more information please visit https://docs.papermc.io/paper/profiling
[22:47:06] [Server thread/INFO]: Server Ping Player Sample Count: 12
[22:47:06] [Server thread/INFO]: Using 4 threads for Netty based IO
[22:47:07] [Server thread/INFO]: [ChunkTaskScheduler] Chunk system is using 1 I/O threads, 1 worker threads, and population gen parallelism of 1 threads
[22:47:08] [Server thread/INFO]: Default game type: SURVIVAL
[22:47:08] [Server thread/INFO]: Generating keypair
[22:47:08] [Server thread/INFO]: Starting Minecraft server on *:25565
[22:47:08] [Server thread/INFO]: Using epoll channel type
[22:47:08] [Server thread/INFO]: Paper: Using libdeflate (Linux x86_64) compression from Velocity.
[22:47:08] [Server thread/INFO]: Paper: Using OpenSSL 1.1.x (Linux x86_64) cipher from Velocity.
[22:47:11] [Server thread/WARN]: [org.bukkit.craftbukkit.legacy.CraftLegacy] Initializing Legacy Material Support. Unless you have legacy plugins and/or data this is a bug!
[22:47:12] [Thread-0/INFO]: Stopping server
[22:47:12] [Thread-0/INFO]: Saving players
[22:47:12] [Thread-0/WARN]: Asynchronous Save Players! Blocking thread until it returns 
java.lang.IllegalStateException: null
	at io.papermc.paper.util.MCUtil.ensureMain(MCUtil.java:112) ~[paper-1.21.1.jar:1.21.1-57-b483da4]
	at net.minecraft.server.players.PlayerList.saveAll(PlayerList.java:1195) ~[paper-1.21.1.jar:1.21.1-57-b483da4]
	at net.minecraft.server.players.PlayerList.saveAll(PlayerList.java:1191) ~[paper-1.21.1.jar:1.21.1-57-b483da4]
	at net.minecraft.server.MinecraftServer.stopServer(MinecraftServer.java:1055) ~[paper-1.21.1.jar:1.21.1-57-b483da4]
	at net.minecraft.server.dedicated.DedicatedServer.stopServer(DedicatedServer.java:847) ~[paper-1.21.1.jar:1.21.1-57-b483da4]
	at net.minecraft.server.MinecraftServer.close(MinecraftServer.java:1009) ~[paper-1.21.1.jar:1.21.1-57-b483da4]
	at org.bukkit.craftbukkit.util.ServerShutdownThread.run(ServerShutdownThread.java:27) ~[paper-1.21.1.jar:1.21.1-57-b483da4]
[22:47:22] [Server thread/WARN]: Legacy plugin OnePlayerSleep v1.3 does not specify an api-version.
[22:47:22] [Server thread/INFO]: [floodgate] Loading server plugin floodgate v2.2.3-SNAPSHOT (b114-83fbd6e)
[22:47:24] [Server thread/WARN]: [floodgate] en_ is not a supported Floodgate language.
[22:47:25] [Server thread/INFO]: [floodgate] Took 2,767ms to boot Floodgate
[22:47:25] [Server thread/INFO]: [ViaVersion] Loading server plugin ViaVersion v5.1.1
[22:47:25] [Server thread/INFO]: [ViaVersion] ViaVersion 5.1.1 is now loaded. Registering protocol transformers and injecting...
[22:47:27] [Via-Mappingloader-0/INFO]: [ViaVersion] Loading block connection mappings ...
[22:47:27] [Via-Mappingloader-0/INFO]: [ViaVersion] Using FastUtil Long2ObjectOpenHashMap for block connections
[22:47:29] [Server thread/INFO]: [SkinsRestorer] Loading server plugin SkinsRestorer v15.4.4
[22:47:29] [Server thread/INFO]: [OnePlayerSleep] Loading server plugin OnePlayerSleep v1.3
[22:47:29] [Server thread/INFO]: [Geyser-Spigot] Loading server plugin Geyser-Spigot v2.5.0-SNAPSHOT
[22:47:31] [Server thread/INFO]: [Geyser-Spigot] Loading extensions...
[22:47:31] [Server thread/INFO]: [Geyser-Spigot] Loaded 0 extension(s)
[22:47:31] [Server thread/INFO]: Server permissions file permissions.yml is empty, ignoring it
[22:47:31] [Server thread/INFO]: [SkinsRestorer] Enabling SkinsRestorer v15.4.4
[22:47:32] [Server thread/WARN]: [SkinsRestorer] You must agree to the rules at 'commands.perSkinPermissionsConsent' in the config to use per skin permissions.
[22:47:33] [Server thread/INFO]: [SkinsRestorer] Running on Minecraft 1.21.1.
[22:47:33] [Server thread/INFO]: [SkinsRestorer] Floodgate skin listener registered
[22:47:34] [Server thread/INFO]: [SkinsRestorer] Using paper join listener!
[22:47:35] [Server thread/WARN]: **** SERVER IS RUNNING IN OFFLINE/INSECURE MODE!
[22:47:35] [Server thread/WARN]: The server will make no attempt to authenticate usernames. Beware.
[22:47:35] [Server thread/WARN]: While this makes the game possible to play without internet access, it also opens up the ability for hackers to connect with any username they choose.
[22:47:35] [Server thread/WARN]: To change this, set "online-mode" to "true" in the server.properties file.
[22:47:35] [Server thread/INFO]: Preparing level "world"
[22:47:35] [Folia Async Scheduler Thread #1/INFO]: [SkinsRestorer] ----------------------------------------------
[22:47:35] [Folia Async Scheduler Thread #1/INFO]: [SkinsRestorer]     +==================+
[22:47:35] [Folia Async Scheduler Thread #1/INFO]: [SkinsRestorer]     |   SkinsRestorer  |
[22:47:35] [Folia Async Scheduler Thread #1/INFO]: [SkinsRestorer]     |------------------|
[22:47:35] [Folia Async Scheduler Thread #1/INFO]: [SkinsRestorer]     |  Standalone Mode |
[22:47:35] [Folia Async Scheduler Thread #1/INFO]: [SkinsRestorer]     +==================+
[22:47:35] [Folia Async Scheduler Thread #1/INFO]: [SkinsRestorer] ----------------------------------------------
[22:47:35] [Folia Async Scheduler Thread #1/INFO]: [SkinsRestorer]     Version: 15.4.4
[22:47:35] [Folia Async Scheduler Thread #1/INFO]: [SkinsRestorer]     Commit: dc501c7
[22:47:35] [Folia Async Scheduler Thread #1/INFO]: [SkinsRestorer]     This is the latest version!
[22:47:35] [Folia Async Scheduler Thread #1/INFO]: [SkinsRestorer] ----------------------------------------------
[22:47:35] [Folia Async Scheduler Thread #1/INFO]: [SkinsRestorer] Do you have issues? Read our troubleshooting guide: https://skinsrestorer.net/docs/troubleshooting
[22:47:35] [Folia Async Scheduler Thread #1/INFO]: [SkinsRestorer] Want to support SkinsRestorer? Consider donating: https://skinsrestorer.net/donate
[22:47:35] [Server thread/INFO]: Preparing start region for dimension minecraft:overworld
[22:47:38] [Server thread/INFO]: Time elapsed: 2548 ms
[22:47:38] [Server thread/INFO]: Preparing start region for dimension minecraft:the_nether
[22:47:38] [Server thread/INFO]: Time elapsed: 428 ms
[22:47:38] [Server thread/INFO]: Preparing start region for dimension minecraft:the_end
[22:47:39] [Server thread/INFO]: Time elapsed: 196 ms
[22:47:39] [Server thread/INFO]: [floodgate] Enabling floodgate v2.2.3-SNAPSHOT (b114-83fbd6e)
[22:47:40] [Server thread/INFO]: [ViaVersion] Enabling ViaVersion v5.1.1
[22:47:40] [Server thread/INFO]: [ViaVersion] ViaVersion detected server version: 1.21-1.21.1 (767)
[22:47:40] [Server thread/INFO]: [OnePlayerSleep] Enabling OnePlayerSleep v1.3*
[22:47:40] [Server thread/INFO]: [Geyser-Spigot] Enabling Geyser-Spigot v2.5.0-SNAPSHOT
[22:47:42] [Server thread/INFO]: [spark] Starting background profiler...
[22:47:42] [Server thread/INFO]: [Geyser-Spigot] ******************************************
[22:47:42] [Server thread/INFO]: [Geyser-Spigot] 
[22:47:42] [Server thread/INFO]: [Geyser-Spigot] Loading Geyser version 2.5.0-b716 (git-master-2ebce9c)
[22:47:42] [Server thread/INFO]: [Geyser-Spigot] 
[22:47:42] [Server thread/INFO]: [Geyser-Spigot] ******************************************
[22:47:55] [Server thread/INFO]: [Geyser-Spigot] Started Geyser on UDP port 1437
[22:47:56] [Server thread/INFO]: [Geyser-Spigot] Done (13.179s)! Run /geyser help for help!
[22:47:56] [Server thread/WARN]: java.lang.RuntimeException
[22:47:56] [Server thread/WARN]: 	at Geyser-Spigot.jar//org.geysermc.geyser.platform.spigot.GeyserSpigotInjector.getChildHandler(GeyserSpigotInjector.java:167)
[22:47:56] [Server thread/WARN]: 	at Geyser-Spigot.jar//org.geysermc.geyser.platform.spigot.GeyserSpigotInjector.initializeLocalChannel0(GeyserSpigotInjector.java:110)
[22:47:56] [Server thread/WARN]: 	at Geyser-Spigot.jar//org.geysermc.geyser.network.netty.GeyserInjector.initializeLocalChannel(GeyserInjector.java:64)
[22:47:56] [Server thread/WARN]: 	at Geyser-Spigot.jar//org.geysermc.geyser.platform.spigot.GeyserSpigotPlugin.onGeyserEnable(GeyserSpigotPlugin.java:265)
[22:47:56] [Server thread/WARN]: 	at Geyser-Spigot.jar//org.geysermc.geyser.platform.spigot.GeyserSpigotPlugin$1.onServerLoaded(GeyserSpigotPlugin.java:220)
[22:47:56] [Server thread/WARN]: 	at com.destroystokyo.paper.event.executor.MethodHandleEventExecutor.execute(MethodHandleEventExecutor.java:40)
[22:47:56] [Server thread/WARN]: 	at co.aikar.timings.TimedEventExecutor.execute(TimedEventExecutor.java:80)
[22:47:56] [Server thread/WARN]: 	at org.bukkit.plugin.RegisteredListener.callEvent(RegisteredListener.java:70)
[22:47:56] [Server thread/WARN]: 	at io.papermc.paper.plugin.manager.PaperEventManager.callEvent(PaperEventManager.java:54)
[22:47:56] [Server thread/WARN]: 	at io.papermc.paper.plugin.manager.PaperPluginManagerImpl.callEvent(PaperPluginManagerImpl.java:131)
[22:47:56] [Server thread/WARN]: 	at org.bukkit.plugin.SimplePluginManager.callEvent(SimplePluginManager.java:628)
[22:47:56] [Server thread/WARN]: 	at net.minecraft.server.MinecraftServer.loadWorld0(MinecraftServer.java:761)
[22:47:56] [Server thread/WARN]: 	at net.minecraft.server.MinecraftServer.loadLevel(MinecraftServer.java:516)
[22:47:56] [Server thread/WARN]: 	at net.minecraft.server.dedicated.DedicatedServer.initServer(DedicatedServer.java:329)
[22:47:56] [Server thread/WARN]: 	at net.minecraft.server.MinecraftServer.runServer(MinecraftServer.java:1215)
[22:47:56] [Server thread/WARN]: 	at net.minecraft.server.MinecraftServer.lambda$spin$0(MinecraftServer.java:330)
[22:47:56] [Server thread/WARN]: 	at java.base/java.lang.Thread.run(Thread.java:1583)
[22:47:56] [Server thread/INFO]: Done preparing level "world" (21.369s)
[22:47:56] [Server thread/INFO]: Running delayed init tasks
[22:47:56] [Server thread/INFO]: Done (65.013s)! For help, type "help"
[22:47:56] [Craft Scheduler Thread - 5 - ViaVersion/INFO]: [ViaVersion] Finished mapping loading, shutting down loader executor.
[22:48:47] [spark-async-sampler-worker-thread/WARN]: [spark] Timed out waiting for world statistics
[22:49:47] [spark-async-sampler-worker-thread/WARN]: [spark] Timed out waiting for world statistics
[22:50:47] [spark-async-sampler-worker-thread/WARN]: [spark] Timed out waiting for world statistics
[22:51:47] [spark-async-sampler-worker-thread/WARN]: [spark] Timed out waiting for world statistics
[22:52:47] [spark-async-sampler-worker-thread/WARN]: [spark] Timed out waiting for world statistics
[22:53:47] [spark-async-sampler-worker-thread/WARN]: [spark] Timed out waiting for world statistics
[22:54:47] [spark-async-sampler-worker-thread/WARN]: [spark] Timed out waiting for world statistics
[22:55:47] [spark-async-sampler-worker-thread/WARN]: [spark] Timed out waiting for world statistics
[22:56:47] [spark-async-sampler-worker-thread/WARN]: [spark] Timed out waiting for world statistics
[22:57:47] [spark-async-sampler-worker-thread/WARN]: [spark] Timed out waiting for world statistics
[22:58:47] [spark-async-sampler-worker-thread/WARN]: [spark] Timed out waiting for world statistics
[22:59:47] [spark-async-sampler-worker-thread/WARN]: [spark] Timed out waiting for world statistics
[23:00:47] [spark-async-sampler-worker-thread/WARN]: [spark] Timed out waiting for world statistics
[23:01:47] [spark-async-sampler-worker-thread/WARN]: [spark] Timed out waiting for world statistics
[23:02:47] [spark-async-sampler-worker-thread/WARN]: [spark] Timed out waiting for world statistics
[23:03:47] [spark-async-sampler-worker-thread/WARN]: [spark] Timed out waiting for world statistics
[23:04:47] [spark-async-sampler-worker-thread/WARN]: [spark] Timed out waiting for world statistics
[23:05:47] [spark-async-sampler-worker-thread/WARN]: [spark] Timed out waiting for world statistics
[23:06:47] [spark-async-sampler-worker-thread/WARN]: [spark] Timed out waiting for world statistics
[23:07:47] [spark-async-sampler-worker-thread/WARN]: [spark] Timed out waiting for world statistics
[23:08:47] [spark-async-sampler-worker-thread/WARN]: [spark] Timed out waiting for world statistics
[23:09:47] [spark-async-sampler-worker-thread/WARN]: [spark] Timed out waiting for world statistics
[23:10:47] [spark-async-sampler-worker-thread/WARN]: [spark] Timed out waiting for world statistics
[23:11:47] [spark-async-sampler-worker-thread/WARN]: [spark] Timed out waiting for world statistics
[23:12:47] [spark-async-sampler-worker-thread/WARN]: [spark] Timed out waiting for world statistics
[23:13:47] [spark-async-sampler-worker-thread/WARN]: [spark] Timed out waiting for world statistics
[23:14:47] [spark-async-sampler-worker-thread/WARN]: [spark] Timed out waiting for world statistics
[23:15:47] [spark-async-sampler-worker-thread/WARN]: [spark] Timed out waiting for world statistics
[23:16:47] [spark-async-sampler-worker-thread/WARN]: [spark] Timed out waiting for world statistics
